  main.c
C:\Users\yeosu\source\repos\DataStructurePractice4\main.c(54,3): warning C4033: 'pop'은(는) 값을 반환해야 합니다.
C:\Users\yeosu\source\repos\DataStructurePractice4\main.c(81,3): warning C4033: 'delete_q'은(는) 값을 반환해야 합니다.
C:\Users\yeosu\source\repos\DataStructurePractice4\main.c(127,3): warning C4033: 'delete_cq'은(는) 값을 반환해야 합니다.
C:\Users\yeosu\source\repos\DataStructurePractice4\main.c(57): warning C4715: 'pop': 모든 제어 경로에서 값을 반환하지는 않습니다.
C:\Users\yeosu\source\repos\DataStructurePractice4\main.c(84): warning C4715: 'delete_q': 모든 제어 경로에서 값을 반환하지는 않습니다.
C:\Users\yeosu\source\repos\DataStructurePractice4\main.c(131): warning C4715: 'delete_cq': 모든 제어 경로에서 값을 반환하지는 않습니다.
  main.cpp
C:\Users\yeosu\source\repos\DataStructurePractice4\main.cpp(162,12): warning C4305: 'return': '__int64'에서 'T'(으)로 잘립니다.
          with
          [
              T=char
          ]
C:\Users\yeosu\source\repos\DataStructurePractice4\main.cpp(159,4): message : 클래스 템플릿 멤버 함수 'T CQueue<T>::delete_cq(void)'을(를) 컴파일하는 중입니다.
          with
          [
              T=char
          ]
C:\Users\yeosu\source\repos\DataStructurePractice4\main.cpp(184,19): message : 'main'에서 'CQueue<char>::delete_cq'에 대한 첫 번째 참조를 확인하세요.
C:\Users\yeosu\source\repos\DataStructurePractice4\main.cpp(173,15): message : 컴파일되는 클래스 템플릿 인스턴스화 'CQueue<char>'에 대한 참조를 확인하세요.
C:\Users\yeosu\source\repos\DataStructurePractice4\main.cpp(162,12): warning C4309: 'return': 상수 값이 잘립니다.
C:\Users\yeosu\source\repos\DataStructurePractice4\main.cpp(95,12): warning C4305: 'return': '__int64'에서 'T'(으)로 잘립니다.
          with
          [
              T=char
          ]
C:\Users\yeosu\source\repos\DataStructurePractice4\main.cpp(92,4): message : 클래스 템플릿 멤버 함수 'T Queue<T>::delete_q(void)'을(를) 컴파일하는 중입니다.
          with
          [
              T=char
          ]
C:\Users\yeosu\source\repos\DataStructurePractice4\main.cpp(183,17): message : 'main'에서 'Queue<char>::delete_q'에 대한 첫 번째 참조를 확인하세요.
C:\Users\yeosu\source\repos\DataStructurePractice4\main.cpp(172,14): message : 컴파일되는 클래스 템플릿 인스턴스화 'Queue<char>'에 대한 참조를 확인하세요.
C:\Users\yeosu\source\repos\DataStructurePractice4\main.cpp(95,12): warning C4309: 'return': 상수 값이 잘립니다.
C:\Users\yeosu\source\repos\DataStructurePractice4\main.cpp(46,12): warning C4305: 'return': '__int64'에서 'T'(으)로 잘립니다.
          with
          [
              T=char
          ]
C:\Users\yeosu\source\repos\DataStructurePractice4\main.cpp(43,4): message : 클래스 템플릿 멤버 함수 'T Stack<T>::pop(void)'을(를) 컴파일하는 중입니다.
          with
          [
              T=char
          ]
C:\Users\yeosu\source\repos\DataStructurePractice4\main.cpp(182,12): message : 'main'에서 'Stack<char>::pop'에 대한 첫 번째 참조를 확인하세요.
C:\Users\yeosu\source\repos\DataStructurePractice4\main.cpp(171,14): message : 컴파일되는 클래스 템플릿 인스턴스화 'Stack<char>'에 대한 참조를 확인하세요.
C:\Users\yeosu\source\repos\DataStructurePractice4\main.cpp(46,12): warning C4309: 'return': 상수 값이 잘립니다.
  DataStructurePractice4.vcxproj -> C:\Users\yeosu\source\repos\DataStructurePractice4\x64\Debug\DataStructurePractice4.exe
